<?xml version="1.0" encoding="UTF-8"?>
<!-- Generated by org.testng.reporters.JUnitReportReporter -->
<testsuite skipped="0" hostname="DESKTOP-K2QBC3J" name="TestMethods" tests="2" failures="0" timestamp="2022-05-09T02:03:49 EEST" time="0.084" errors="0">
  <testcase name="checkGetSomeNumber" time="0.081" classname="TestMethods"/>
  <system-out/>
  <testcase name="verifyBarkMethod" time="0.003" classname="TestMethods"/>
  <system-out/>
</testsuite> <!-- TestMethods -->
